  stdafx.cpp
  md5Hash.cpp
  NetworkManager.cpp
  HashFile.cpp
  FileManager.cpp
c:\users\s170895\desktop\client updater\trunk\clientupdater\filemanager.h(18): warning C4091: 'static ': ignored on left of 'FileManager' when no variable is declared
c:\users\s170895\desktop\client updater\trunk\clientupdater\filemanager.cpp(39): warning C4129: 'F': unrecognized character escape sequence
  ClientUpdater.cpp
  Application.cpp
c:\users\s170895\desktop\client updater\trunk\clientupdater\filemanager.h(18): warning C4091: 'static ': ignored on left of 'FileManager' when no variable is declared
  Generating Code...
c:\users\s170895\desktop\client updater\trunk\clientupdater\md5hash.cpp(354): warning C4717: 'operator<<': recursive on all control paths, function will cause runtime stack overflow
RakNet_d.lib(GetTime.obj) : warning LNK4099: PDB 'RakNet_VS2008_LibStatic_Debug_Win32.pdb' was not found with 'RakNet_d.lib(GetTime.obj)' or at 'C:\Users\s170895\Desktop\Client Updater\trunk\Debug\RakNet_VS2008_LibStatic_Debug_Win32.pdb'; linking object as if no debug info
RakNet_d.lib(Itoa.obj) : warning LNK4099: PDB 'RakNet_VS2008_LibStatic_Debug_Win32.pdb' was not found with 'RakNet_d.lib(Itoa.obj)' or at 'C:\Users\s170895\Desktop\Client Updater\trunk\Debug\RakNet_VS2008_LibStatic_Debug_Win32.pdb'; linking object as if no debug info
RakNet_d.lib(LocklessTypes.obj) : warning LNK4099: PDB 'RakNet_VS2008_LibStatic_Debug_Win32.pdb' was not found with 'RakNet_d.lib(LocklessTypes.obj)' or at 'C:\Users\s170895\Desktop\Client Updater\trunk\Debug\RakNet_VS2008_LibStatic_Debug_Win32.pdb'; linking object as if no debug info
RakNet_d.lib(RakNetSocket2.obj) : warning LNK4099: PDB 'RakNet_VS2008_LibStatic_Debug_Win32.pdb' was not found with 'RakNet_d.lib(RakNetSocket2.obj)' or at 'C:\Users\s170895\Desktop\Client Updater\trunk\Debug\RakNet_VS2008_LibStatic_Debug_Win32.pdb'; linking object as if no debug info
RakNet_d.lib(RakNetTypes.obj) : warning LNK4099: PDB 'RakNet_VS2008_LibStatic_Debug_Win32.pdb' was not found with 'RakNet_d.lib(RakNetTypes.obj)' or at 'C:\Users\s170895\Desktop\Client Updater\trunk\Debug\RakNet_VS2008_LibStatic_Debug_Win32.pdb'; linking object as if no debug info
RakNet_d.lib(RakSleep.obj) : warning LNK4099: PDB 'RakNet_VS2008_LibStatic_Debug_Win32.pdb' was not found with 'RakNet_d.lib(RakSleep.obj)' or at 'C:\Users\s170895\Desktop\Client Updater\trunk\Debug\RakNet_VS2008_LibStatic_Debug_Win32.pdb'; linking object as if no debug info
RakNet_d.lib(RakThread.obj) : warning LNK4099: PDB 'RakNet_VS2008_LibStatic_Debug_Win32.pdb' was not found with 'RakNet_d.lib(RakThread.obj)' or at 'C:\Users\s170895\Desktop\Client Updater\trunk\Debug\RakNet_VS2008_LibStatic_Debug_Win32.pdb'; linking object as if no debug info
RakNet_d.lib(SuperFastHash.obj) : warning LNK4099: PDB 'RakNet_VS2008_LibStatic_Debug_Win32.pdb' was not found with 'RakNet_d.lib(SuperFastHash.obj)' or at 'C:\Users\s170895\Desktop\Client Updater\trunk\Debug\RakNet_VS2008_LibStatic_Debug_Win32.pdb'; linking object as if no debug info
  ClientUpdater.vcxproj -> C:\Users\s170895\Desktop\Client Updater\trunk\Debug\ClientUpdater.exe
